<?xml version="1.0" encoding="UTF-8"?>
<testsuite name="com.magicurology.MagicPotionApi.MagicPotionApiApplicationTests" tests="1" skipped="0" failures="0" errors="0" timestamp="2020-10-13T06:53:53" hostname="NA-300123" time="0.359">
  <properties/>
  <testcase name="contextLoads()" classname="com.magicurology.MagicPotionApi.MagicPotionApiApplicationTests" time="0.359"/>
  <system-out><![CDATA[01:53:50.773 [Test worker] DEBUG org.springframework.test.context.BootstrapUtils - Instantiating CacheAwareContextLoaderDelegate from class [org.springframework.test.context.cache.DefaultCacheAwareContextLoaderDelegate]
01:53:50.789 [Test worker] DEBUG org.springframework.test.context.BootstrapUtils - Instantiating BootstrapContext using constructor [public org.springframework.test.context.support.DefaultBootstrapContext(java.lang.Class,org.springframework.test.context.CacheAwareContextLoaderDelegate)]
01:53:50.809 [Test worker] DEBUG org.springframework.test.context.BootstrapUtils - Instantiating TestContextBootstrapper for test class [com.magicurology.MagicPotionApi.MagicPotionApiApplicationTests] from class [org.springframework.boot.test.context.SpringBootTestContextBootstrapper]
01:53:50.822 [Test worker] INFO org.springframework.boot.test.context.SpringBootTestContextBootstrapper - Neither @ContextConfiguration nor @ContextHierarchy found for test class [com.magicurology.MagicPotionApi.MagicPotionApiApplicationTests], using SpringBootContextLoader
01:53:50.824 [Test worker] DEBUG org.springframework.test.context.support.AbstractContextLoader - Did not detect default resource location for test class [com.magicurology.MagicPotionApi.MagicPotionApiApplicationTests]: class path resource [com/magicurology/MagicPotionApi/MagicPotionApiApplicationTests-context.xml] does not exist
01:53:50.825 [Test worker] DEBUG org.springframework.test.context.support.AbstractContextLoader - Did not detect default resource location for test class [com.magicurology.MagicPotionApi.MagicPotionApiApplicationTests]: class path resource [com/magicurology/MagicPotionApi/MagicPotionApiApplicationTestsContext.groovy] does not exist
01:53:50.825 [Test worker] INFO org.springframework.test.context.support.AbstractContextLoader - Could not detect default resource locations for test class [com.magicurology.MagicPotionApi.MagicPotionApiApplicationTests]: no resource found for suffixes {-context.xml, Context.groovy}.
01:53:50.826 [Test worker] INFO org.springframework.test.context.support.AnnotationConfigContextLoaderUtils - Could not detect default configuration classes for test class [com.magicurology.MagicPotionApi.MagicPotionApiApplicationTests]: MagicPotionApiApplicationTests does not declare any static, non-private, non-final, nested classes annotated with @Configuration.
01:53:50.858 [Test worker] DEBUG org.springframework.test.context.support.ActiveProfilesUtils - Could not find an 'annotation declaring class' for annotation type [org.springframework.test.context.ActiveProfiles] and class [com.magicurology.MagicPotionApi.MagicPotionApiApplicationTests]
01:53:50.900 [Test worker] DEBUG org.springframework.context.annotation.ClassPathScanningCandidateComponentProvider - Identified candidate component class: file [/Users/dshittu/Documents/Tools/MagicPotionApi/build/classes/java/main/com/magicurology/MagicPotionApi/MagicPotionApiApplication.class]
01:53:50.900 [Test worker] INFO org.springframework.boot.test.context.SpringBootTestContextBootstrapper - Found @SpringBootConfiguration com.magicurology.MagicPotionApi.MagicPotionApiApplication for test class com.magicurology.MagicPotionApi.MagicPotionApiApplicationTests
01:53:50.965 [Test worker] DEBUG org.springframework.boot.test.context.SpringBootTestContextBootstrapper - @TestExecutionListeners is not present for class [com.magicurology.MagicPotionApi.MagicPotionApiApplicationTests]: using defaults.
01:53:50.966 [Test worker] INFO org.springframework.boot.test.context.SpringBootTestContextBootstrapper - Loaded default TestExecutionListener class names from location [META-INF/spring.factories]: [org.springframework.boot.test.autoconfigure.restdocs.RestDocsTestExecutionListener, org.springframework.boot.test.autoconfigure.web.client.MockRestServiceServerResetTestExecutionListener, org.springframework.boot.test.autoconfigure.web.servlet.MockMvcPrintOnlyOnFailureTestExecutionListener, org.springframework.boot.test.autoconfigure.web.servlet.WebDriverTestExecutionListener, org.springframework.boot.test.autoconfigure.webservices.client.MockWebServiceServerTestExecutionListener, org.springframework.boot.test.mock.mockito.MockitoTestExecutionListener, org.springframework.boot.test.mock.mockito.ResetMocksTestExecutionListener, org.springframework.test.context.web.ServletTestExecutionListener, org.springframework.test.context.support.DirtiesContextBeforeModesTestExecutionListener, org.springframework.test.context.support.DependencyInjectionTestExecutionListener, org.springframework.test.context.support.DirtiesContextTestExecutionListener, org.springframework.test.context.transaction.TransactionalTestExecutionListener, org.springframework.test.context.jdbc.SqlScriptsTestExecutionListener, org.springframework.test.context.event.EventPublishingTestExecutionListener]
01:53:50.984 [Test worker] INFO org.springframework.boot.test.context.SpringBootTestContextBootstrapper - Using TestExecutionListeners: [org.springframework.test.context.web.ServletTestExecutionListener@121f7d95, org.springframework.test.context.support.DirtiesContextBeforeModesTestExecutionListener@7265f810, org.springframework.boot.test.mock.mockito.MockitoTestExecutionListener@58b62f89, org.springframework.boot.test.autoconfigure.SpringBootDependencyInjectionTestExecutionListener@25727a10, org.springframework.test.context.support.DirtiesContextTestExecutionListener@4c6848fe, org.springframework.test.context.transaction.TransactionalTestExecutionListener@11109c1b, org.springframework.test.context.jdbc.SqlScriptsTestExecutionListener@783323d7, org.springframework.test.context.event.EventPublishingTestExecutionListener@4ea7743b, org.springframework.boot.test.autoconfigure.restdocs.RestDocsTestExecutionListener@4086eaa9, org.springframework.boot.test.autoconfigure.web.client.MockRestServiceServerResetTestExecutionListener@556356e6, org.springframework.boot.test.autoconfigure.web.servlet.MockMvcPrintOnlyOnFailureTestExecutionListener@34afea06, org.springframework.boot.test.autoconfigure.web.servlet.WebDriverTestExecutionListener@41dc5604, org.springframework.boot.test.autoconfigure.webservices.client.MockWebServiceServerTestExecutionListener@36783f34, org.springframework.boot.test.mock.mockito.ResetMocksTestExecutionListener@79e39b7b]
01:53:50.987 [Test worker] DEBUG org.springframework.test.context.support.AbstractDirtiesContextTestExecutionListener - Before test class: context [DefaultTestContext@2da3a292 testClass = MagicPotionApiApplicationTests, testInstance = [null], testMethod = [null], testException = [null], mergedContextConfiguration = [WebMergedContextConfiguration@242149e1 testClass = MagicPotionApiApplicationTests, locations = '{}', classes = '{class com.magicurology.MagicPotionApi.MagicPotionApiApplication}', contextInitializerClasses = '[]', activeProfiles = '{}', propertySourceLocations = '{}', propertySourceProperties = '{org.springframework.boot.test.context.SpringBootTestContextBootstrapper=true}', contextCustomizers = set[org.springframework.boot.test.autoconfigure.properties.PropertyMappingContextCustomizer@0, org.springframework.boot.test.autoconfigure.web.servlet.WebDriverContextCustomizerFactory$Customizer@7fe827e2, org.springframework.boot.test.context.filter.ExcludeFilterContextCustomizer@bf196e1, org.springframework.boot.test.json.DuplicateJsonObjectContextCustomizerFactory$DuplicateJsonObjectContextCustomizer@607f62ba, org.springframework.boot.test.mock.mockito.MockitoContextCustomizer@0, org.springframework.boot.test.web.client.TestRestTemplateContextCustomizer@547ef399, org.springframework.boot.test.context.SpringBootTestArgs@1], resourceBasePath = 'src/main/webapp', contextLoader = 'org.springframework.boot.test.context.SpringBootContextLoader', parent = [null]], attributes = map['org.springframework.test.context.web.ServletTestExecutionListener.activateListener' -> true]], class annotated with @DirtiesContext [false] with mode [null].
01:53:51.007 [Test worker] DEBUG org.springframework.test.context.support.TestPropertySourceUtils - Adding inlined properties to environment: {spring.jmx.enabled=false, org.springframework.boot.test.context.SpringBootTestContextBootstrapper=true}

  .   ____          _            __ _ _
 /\\ / ___'_ __ _ _(_)_ __  __ _ \ \ \ \
( ( )\___ | '_ | '_| | '_ \/ _` | \ \ \ \
 \\/  ___)| |_)| | | | | || (_| |  ) ) ) )
  '  |____| .__|_| |_|_| |_\__, | / / / /
 =========|_|==============|___/=/_/_/_/
 :: Spring Boot ::        (v2.3.4.RELEASE)

2020-10-13 01:53:51.237  INFO 65107 --- [    Test worker] c.m.M.MagicPotionApiApplicationTests     : Starting MagicPotionApiApplicationTests on NA-300123 with PID 65107 (started by dshittu in /Users/dshittu/Documents/Tools/MagicPotionApi)
2020-10-13 01:53:51.238  INFO 65107 --- [    Test worker] c.m.M.MagicPotionApiApplicationTests     : The following profiles are active: events,dev,local
2020-10-13 01:53:51.952  INFO 65107 --- [    Test worker] .s.d.r.c.RepositoryConfigurationDelegate : Bootstrapping Spring Data MongoDB repositories in DEFAULT mode.
2020-10-13 01:53:51.998  INFO 65107 --- [    Test worker] .s.d.r.c.RepositoryConfigurationDelegate : Finished Spring Data repository scanning in 42ms. Found 1 MongoDB repository interfaces.
2020-10-13 01:53:52.274  INFO 65107 --- [    Test worker] org.mongodb.driver.cluster               : Cluster created with settings {hosts=[localhost:27017], mode=SINGLE, requiredClusterType=UNKNOWN, serverSelectionTimeout='30000 ms'}
2020-10-13 01:53:52.343  INFO 65107 --- [localhost:27017] org.mongodb.driver.connection            : Opened connection [connectionId{localValue:1, serverValue:41}] to localhost:27017
2020-10-13 01:53:52.347  INFO 65107 --- [localhost:27017] org.mongodb.driver.cluster               : Monitor thread successfully connected to server with description ServerDescription{address=localhost:27017, type=STANDALONE, state=CONNECTED, ok=true, minWireVersion=0, maxWireVersion=8, maxDocumentSize=16777216, logicalSessionTimeoutMinutes=30, roundTripTimeNanos=2451967}
2020-10-13 01:53:52.898  INFO 65107 --- [    Test worker] o.s.s.concurrent.ThreadPoolTaskExecutor  : Initializing ExecutorService 'applicationTaskExecutor'
2020-10-13 01:53:53.332  INFO 65107 --- [    Test worker] c.m.M.MagicPotionApiApplicationTests     : Started MagicPotionApiApplicationTests in 2.315 seconds (JVM running for 3.194)
]]></system-out>
  <system-err><![CDATA[]]></system-err>
</testsuite>
