<?xml version="1.0" encoding="UTF-8"?>
<testsuite name="com.magicurology.MagicPotionApi.MagicPotionApiApplicationTests" tests="1" skipped="0" failures="0" errors="0" timestamp="2020-10-09T04:19:10" hostname="NA-300123" time="0.284">
  <properties/>
  <testcase name="contextLoads()" classname="com.magicurology.MagicPotionApi.MagicPotionApiApplicationTests" time="0.284"/>
  <system-out><![CDATA[23:19:07.999 [Test worker] DEBUG org.springframework.test.context.BootstrapUtils - Instantiating CacheAwareContextLoaderDelegate from class [org.springframework.test.context.cache.DefaultCacheAwareContextLoaderDelegate]
23:19:08.013 [Test worker] DEBUG org.springframework.test.context.BootstrapUtils - Instantiating BootstrapContext using constructor [public org.springframework.test.context.support.DefaultBootstrapContext(java.lang.Class,org.springframework.test.context.CacheAwareContextLoaderDelegate)]
23:19:08.036 [Test worker] DEBUG org.springframework.test.context.BootstrapUtils - Instantiating TestContextBootstrapper for test class [com.magicurology.MagicPotionApi.MagicPotionApiApplicationTests] from class [org.springframework.boot.test.context.SpringBootTestContextBootstrapper]
23:19:08.047 [Test worker] INFO org.springframework.boot.test.context.SpringBootTestContextBootstrapper - Neither @ContextConfiguration nor @ContextHierarchy found for test class [com.magicurology.MagicPotionApi.MagicPotionApiApplicationTests], using SpringBootContextLoader
23:19:08.050 [Test worker] DEBUG org.springframework.test.context.support.AbstractContextLoader - Did not detect default resource location for test class [com.magicurology.MagicPotionApi.MagicPotionApiApplicationTests]: class path resource [com/magicurology/MagicPotionApi/MagicPotionApiApplicationTests-context.xml] does not exist
23:19:08.050 [Test worker] DEBUG org.springframework.test.context.support.AbstractContextLoader - Did not detect default resource location for test class [com.magicurology.MagicPotionApi.MagicPotionApiApplicationTests]: class path resource [com/magicurology/MagicPotionApi/MagicPotionApiApplicationTestsContext.groovy] does not exist
23:19:08.050 [Test worker] INFO org.springframework.test.context.support.AbstractContextLoader - Could not detect default resource locations for test class [com.magicurology.MagicPotionApi.MagicPotionApiApplicationTests]: no resource found for suffixes {-context.xml, Context.groovy}.
23:19:08.051 [Test worker] INFO org.springframework.test.context.support.AnnotationConfigContextLoaderUtils - Could not detect default configuration classes for test class [com.magicurology.MagicPotionApi.MagicPotionApiApplicationTests]: MagicPotionApiApplicationTests does not declare any static, non-private, non-final, nested classes annotated with @Configuration.
23:19:08.079 [Test worker] DEBUG org.springframework.test.context.support.ActiveProfilesUtils - Could not find an 'annotation declaring class' for annotation type [org.springframework.test.context.ActiveProfiles] and class [com.magicurology.MagicPotionApi.MagicPotionApiApplicationTests]
23:19:08.122 [Test worker] DEBUG org.springframework.context.annotation.ClassPathScanningCandidateComponentProvider - Identified candidate component class: file [/Users/dshittu/Downloads/MagicPotionApi/build/classes/java/main/com/magicurology/MagicPotionApi/MagicPotionApiApplication.class]
23:19:08.123 [Test worker] INFO org.springframework.boot.test.context.SpringBootTestContextBootstrapper - Found @SpringBootConfiguration com.magicurology.MagicPotionApi.MagicPotionApiApplication for test class com.magicurology.MagicPotionApi.MagicPotionApiApplicationTests
23:19:08.201 [Test worker] DEBUG org.springframework.boot.test.context.SpringBootTestContextBootstrapper - @TestExecutionListeners is not present for class [com.magicurology.MagicPotionApi.MagicPotionApiApplicationTests]: using defaults.
23:19:08.201 [Test worker] INFO org.springframework.boot.test.context.SpringBootTestContextBootstrapper - Loaded default TestExecutionListener class names from location [META-INF/spring.factories]: [org.springframework.boot.test.autoconfigure.restdocs.RestDocsTestExecutionListener, org.springframework.boot.test.autoconfigure.web.client.MockRestServiceServerResetTestExecutionListener, org.springframework.boot.test.autoconfigure.web.servlet.MockMvcPrintOnlyOnFailureTestExecutionListener, org.springframework.boot.test.autoconfigure.web.servlet.WebDriverTestExecutionListener, org.springframework.boot.test.autoconfigure.webservices.client.MockWebServiceServerTestExecutionListener, org.springframework.boot.test.mock.mockito.MockitoTestExecutionListener, org.springframework.boot.test.mock.mockito.ResetMocksTestExecutionListener, org.springframework.test.context.web.ServletTestExecutionListener, org.springframework.test.context.support.DirtiesContextBeforeModesTestExecutionListener, org.springframework.test.context.support.DependencyInjectionTestExecutionListener, org.springframework.test.context.support.DirtiesContextTestExecutionListener, org.springframework.test.context.transaction.TransactionalTestExecutionListener, org.springframework.test.context.jdbc.SqlScriptsTestExecutionListener, org.springframework.test.context.event.EventPublishingTestExecutionListener]
23:19:08.216 [Test worker] INFO org.springframework.boot.test.context.SpringBootTestContextBootstrapper - Using TestExecutionListeners: [org.springframework.test.context.web.ServletTestExecutionListener@603f00c6, org.springframework.test.context.support.DirtiesContextBeforeModesTestExecutionListener@39541c99, org.springframework.boot.test.mock.mockito.MockitoTestExecutionListener@1dc3d04d, org.springframework.boot.test.autoconfigure.SpringBootDependencyInjectionTestExecutionListener@522e64ef, org.springframework.test.context.support.DirtiesContextTestExecutionListener@4a0f675c, org.springframework.test.context.transaction.TransactionalTestExecutionListener@53a60a50, org.springframework.test.context.jdbc.SqlScriptsTestExecutionListener@5064f9d1, org.springframework.test.context.event.EventPublishingTestExecutionListener@714cf62e, org.springframework.boot.test.autoconfigure.restdocs.RestDocsTestExecutionListener@40485adc, org.springframework.boot.test.autoconfigure.web.client.MockRestServiceServerResetTestExecutionListener@23df3c0f, org.springframework.boot.test.autoconfigure.web.servlet.MockMvcPrintOnlyOnFailureTestExecutionListener@5482f3d4, org.springframework.boot.test.autoconfigure.web.servlet.WebDriverTestExecutionListener@42e982ec, org.springframework.boot.test.autoconfigure.webservices.client.MockWebServiceServerTestExecutionListener@40f5bed7, org.springframework.boot.test.mock.mockito.ResetMocksTestExecutionListener@1a90cd82]
23:19:08.221 [Test worker] DEBUG org.springframework.test.context.support.AbstractDirtiesContextTestExecutionListener - Before test class: context [DefaultTestContext@4c8a001a testClass = MagicPotionApiApplicationTests, testInstance = [null], testMethod = [null], testException = [null], mergedContextConfiguration = [WebMergedContextConfiguration@eb653b testClass = MagicPotionApiApplicationTests, locations = '{}', classes = '{class com.magicurology.MagicPotionApi.MagicPotionApiApplication}', contextInitializerClasses = '[]', activeProfiles = '{}', propertySourceLocations = '{}', propertySourceProperties = '{org.springframework.boot.test.context.SpringBootTestContextBootstrapper=true}', contextCustomizers = set[org.springframework.boot.test.autoconfigure.properties.PropertyMappingContextCustomizer@0, org.springframework.boot.test.autoconfigure.web.servlet.WebDriverContextCustomizerFactory$Customizer@2d833b57, org.springframework.boot.test.context.filter.ExcludeFilterContextCustomizer@1eb9e032, org.springframework.boot.test.json.DuplicateJsonObjectContextCustomizerFactory$DuplicateJsonObjectContextCustomizer@4df904e5, org.springframework.boot.test.mock.mockito.MockitoContextCustomizer@0, org.springframework.boot.test.web.client.TestRestTemplateContextCustomizer@522b4542, org.springframework.boot.test.context.SpringBootTestArgs@1], resourceBasePath = 'src/main/webapp', contextLoader = 'org.springframework.boot.test.context.SpringBootContextLoader', parent = [null]], attributes = map['org.springframework.test.context.web.ServletTestExecutionListener.activateListener' -> true]], class annotated with @DirtiesContext [false] with mode [null].
23:19:08.250 [Test worker] DEBUG org.springframework.test.context.support.TestPropertySourceUtils - Adding inlined properties to environment: {spring.jmx.enabled=false, org.springframework.boot.test.context.SpringBootTestContextBootstrapper=true}

  .   ____          _            __ _ _
 /\\ / ___'_ __ _ _(_)_ __  __ _ \ \ \ \
( ( )\___ | '_ | '_| | '_ \/ _` | \ \ \ \
 \\/  ___)| |_)| | | | | || (_| |  ) ) ) )
  '  |____| .__|_| |_|_| |_\__, | / / / /
 =========|_|==============|___/=/_/_/_/
 :: Spring Boot ::        (v2.3.4.RELEASE)

2020-10-08 23:19:08.540  INFO 64698 --- [    Test worker] c.m.M.MagicPotionApiApplicationTests     : Starting MagicPotionApiApplicationTests on NA-300123 with PID 64698 (started by dshittu in /Users/dshittu/Downloads/MagicPotionApi)
2020-10-08 23:19:08.541  INFO 64698 --- [    Test worker] c.m.M.MagicPotionApiApplicationTests     : The following profiles are active: events,dev,local
2020-10-08 23:19:08.993  INFO 64698 --- [    Test worker] .s.d.r.c.RepositoryConfigurationDelegate : Bootstrapping Spring Data MongoDB repositories in DEFAULT mode.
2020-10-08 23:19:09.008  INFO 64698 --- [    Test worker] .s.d.r.c.RepositoryConfigurationDelegate : Finished Spring Data repository scanning in 10ms. Found 0 MongoDB repository interfaces.
2020-10-08 23:19:09.618  INFO 64698 --- [    Test worker] o.s.s.concurrent.ThreadPoolTaskExecutor  : Initializing ExecutorService 'applicationTaskExecutor'
2020-10-08 23:19:09.862  INFO 64698 --- [    Test worker] org.mongodb.driver.cluster               : Cluster created with settings {hosts=[localhost:27017], mode=SINGLE, requiredClusterType=UNKNOWN, serverSelectionTimeout='30000 ms'}
2020-10-08 23:19:10.115  INFO 64698 --- [    Test worker] c.m.M.MagicPotionApiApplicationTests     : Started MagicPotionApiApplicationTests in 1.855 seconds (JVM running for 2.682)
2020-10-08 23:19:10.140  INFO 64698 --- [localhost:27017] org.mongodb.driver.cluster               : Exception in monitor thread while connecting to server localhost:27017

com.mongodb.MongoSocketOpenException: Exception opening socket
	at com.mongodb.internal.connection.SocketStream.open(SocketStream.java:70) ~[mongodb-driver-core-4.0.5.jar:na]
	at com.mongodb.internal.connection.InternalStreamConnection.open(InternalStreamConnection.java:127) ~[mongodb-driver-core-4.0.5.jar:na]
	at com.mongodb.internal.connection.DefaultServerMonitor$ServerMonitorRunnable.run(DefaultServerMonitor.java:117) ~[mongodb-driver-core-4.0.5.jar:na]
	at java.base/java.lang.Thread.run(Thread.java:834) ~[na:na]
Caused by: java.net.ConnectException: Connection refused (Connection refused)
	at java.base/java.net.PlainSocketImpl.socketConnect(Native Method) ~[na:na]
	at java.base/java.net.AbstractPlainSocketImpl.doConnect(AbstractPlainSocketImpl.java:399) ~[na:na]
	at java.base/java.net.AbstractPlainSocketImpl.connectToAddress(AbstractPlainSocketImpl.java:242) ~[na:na]
	at java.base/java.net.AbstractPlainSocketImpl.connect(AbstractPlainSocketImpl.java:224) ~[na:na]
	at java.base/java.net.SocksSocketImpl.connect(SocksSocketImpl.java:403) ~[na:na]
	at java.base/java.net.Socket.connect(Socket.java:608) ~[na:na]
	at com.mongodb.internal.connection.SocketStreamHelper.initialize(SocketStreamHelper.java:63) ~[mongodb-driver-core-4.0.5.jar:na]
	at com.mongodb.internal.connection.SocketStream.initializeSocket(SocketStream.java:79) ~[mongodb-driver-core-4.0.5.jar:na]
	at com.mongodb.internal.connection.SocketStream.open(SocketStream.java:65) ~[mongodb-driver-core-4.0.5.jar:na]
	... 3 common frames omitted

]]></system-out>
  <system-err><![CDATA[]]></system-err>
</testsuite>
