<?xml version="1.0" encoding="UTF-8"?>
<testsuite name="com.magicurology.MagicPotionApi.MagicPotionApiApplicationTests" tests="1" skipped="0" failures="0" errors="0" timestamp="2020-10-12T23:07:50" hostname="NA-300123" time="0.342">
  <properties/>
  <testcase name="contextLoads()" classname="com.magicurology.MagicPotionApi.MagicPotionApiApplicationTests" time="0.342"/>
  <system-out><![CDATA[18:07:48.557 [Test worker] DEBUG org.springframework.test.context.BootstrapUtils - Instantiating CacheAwareContextLoaderDelegate from class [org.springframework.test.context.cache.DefaultCacheAwareContextLoaderDelegate]
18:07:48.567 [Test worker] DEBUG org.springframework.test.context.BootstrapUtils - Instantiating BootstrapContext using constructor [public org.springframework.test.context.support.DefaultBootstrapContext(java.lang.Class,org.springframework.test.context.CacheAwareContextLoaderDelegate)]
18:07:48.588 [Test worker] DEBUG org.springframework.test.context.BootstrapUtils - Instantiating TestContextBootstrapper for test class [com.magicurology.MagicPotionApi.MagicPotionApiApplicationTests] from class [org.springframework.boot.test.context.SpringBootTestContextBootstrapper]
18:07:48.602 [Test worker] INFO org.springframework.boot.test.context.SpringBootTestContextBootstrapper - Neither @ContextConfiguration nor @ContextHierarchy found for test class [com.magicurology.MagicPotionApi.MagicPotionApiApplicationTests], using SpringBootContextLoader
18:07:48.605 [Test worker] DEBUG org.springframework.test.context.support.AbstractContextLoader - Did not detect default resource location for test class [com.magicurology.MagicPotionApi.MagicPotionApiApplicationTests]: class path resource [com/magicurology/MagicPotionApi/MagicPotionApiApplicationTests-context.xml] does not exist
18:07:48.605 [Test worker] DEBUG org.springframework.test.context.support.AbstractContextLoader - Did not detect default resource location for test class [com.magicurology.MagicPotionApi.MagicPotionApiApplicationTests]: class path resource [com/magicurology/MagicPotionApi/MagicPotionApiApplicationTestsContext.groovy] does not exist
18:07:48.606 [Test worker] INFO org.springframework.test.context.support.AbstractContextLoader - Could not detect default resource locations for test class [com.magicurology.MagicPotionApi.MagicPotionApiApplicationTests]: no resource found for suffixes {-context.xml, Context.groovy}.
18:07:48.606 [Test worker] INFO org.springframework.test.context.support.AnnotationConfigContextLoaderUtils - Could not detect default configuration classes for test class [com.magicurology.MagicPotionApi.MagicPotionApiApplicationTests]: MagicPotionApiApplicationTests does not declare any static, non-private, non-final, nested classes annotated with @Configuration.
18:07:48.637 [Test worker] DEBUG org.springframework.test.context.support.ActiveProfilesUtils - Could not find an 'annotation declaring class' for annotation type [org.springframework.test.context.ActiveProfiles] and class [com.magicurology.MagicPotionApi.MagicPotionApiApplicationTests]
18:07:48.676 [Test worker] DEBUG org.springframework.context.annotation.ClassPathScanningCandidateComponentProvider - Identified candidate component class: file [/Users/dshittu/Downloads/MagicPotionApi/MagicPotionApi/build/classes/java/main/com/magicurology/MagicPotionApi/MagicPotionApiApplication.class]
18:07:48.677 [Test worker] INFO org.springframework.boot.test.context.SpringBootTestContextBootstrapper - Found @SpringBootConfiguration com.magicurology.MagicPotionApi.MagicPotionApiApplication for test class com.magicurology.MagicPotionApi.MagicPotionApiApplicationTests
18:07:48.743 [Test worker] DEBUG org.springframework.boot.test.context.SpringBootTestContextBootstrapper - @TestExecutionListeners is not present for class [com.magicurology.MagicPotionApi.MagicPotionApiApplicationTests]: using defaults.
18:07:48.744 [Test worker] INFO org.springframework.boot.test.context.SpringBootTestContextBootstrapper - Loaded default TestExecutionListener class names from location [META-INF/spring.factories]: [org.springframework.boot.test.autoconfigure.restdocs.RestDocsTestExecutionListener, org.springframework.boot.test.autoconfigure.web.client.MockRestServiceServerResetTestExecutionListener, org.springframework.boot.test.autoconfigure.web.servlet.MockMvcPrintOnlyOnFailureTestExecutionListener, org.springframework.boot.test.autoconfigure.web.servlet.WebDriverTestExecutionListener, org.springframework.boot.test.autoconfigure.webservices.client.MockWebServiceServerTestExecutionListener, org.springframework.boot.test.mock.mockito.MockitoTestExecutionListener, org.springframework.boot.test.mock.mockito.ResetMocksTestExecutionListener, org.springframework.test.context.web.ServletTestExecutionListener, org.springframework.test.context.support.DirtiesContextBeforeModesTestExecutionListener, org.springframework.test.context.support.DependencyInjectionTestExecutionListener, org.springframework.test.context.support.DirtiesContextTestExecutionListener, org.springframework.test.context.transaction.TransactionalTestExecutionListener, org.springframework.test.context.jdbc.SqlScriptsTestExecutionListener, org.springframework.test.context.event.EventPublishingTestExecutionListener]
18:07:48.756 [Test worker] INFO org.springframework.boot.test.context.SpringBootTestContextBootstrapper - Using TestExecutionListeners: [org.springframework.test.context.web.ServletTestExecutionListener@1dfee314, org.springframework.test.context.support.DirtiesContextBeforeModesTestExecutionListener@3ae94fb4, org.springframework.boot.test.mock.mockito.MockitoTestExecutionListener@2efbb004, org.springframework.boot.test.autoconfigure.SpringBootDependencyInjectionTestExecutionListener@64d4a5f, org.springframework.test.context.support.DirtiesContextTestExecutionListener@6c41ffc1, org.springframework.test.context.transaction.TransactionalTestExecutionListener@1ca58912, org.springframework.test.context.jdbc.SqlScriptsTestExecutionListener@6f2d6112, org.springframework.test.context.event.EventPublishingTestExecutionListener@3ded11a, org.springframework.boot.test.autoconfigure.restdocs.RestDocsTestExecutionListener@60029957, org.springframework.boot.test.autoconfigure.web.client.MockRestServiceServerResetTestExecutionListener@50df615c, org.springframework.boot.test.autoconfigure.web.servlet.MockMvcPrintOnlyOnFailureTestExecutionListener@547ebfa4, org.springframework.boot.test.autoconfigure.web.servlet.WebDriverTestExecutionListener@21ddf230, org.springframework.boot.test.autoconfigure.webservices.client.MockWebServiceServerTestExecutionListener@55611f7d, org.springframework.boot.test.mock.mockito.ResetMocksTestExecutionListener@7e1f410c]
18:07:48.759 [Test worker] DEBUG org.springframework.test.context.support.AbstractDirtiesContextTestExecutionListener - Before test class: context [DefaultTestContext@ac327c8 testClass = MagicPotionApiApplicationTests, testInstance = [null], testMethod = [null], testException = [null], mergedContextConfiguration = [WebMergedContextConfiguration@70bd7ff5 testClass = MagicPotionApiApplicationTests, locations = '{}', classes = '{class com.magicurology.MagicPotionApi.MagicPotionApiApplication}', contextInitializerClasses = '[]', activeProfiles = '{}', propertySourceLocations = '{}', propertySourceProperties = '{org.springframework.boot.test.context.SpringBootTestContextBootstrapper=true}', contextCustomizers = set[org.springframework.boot.test.autoconfigure.properties.PropertyMappingContextCustomizer@0, org.springframework.boot.test.autoconfigure.web.servlet.WebDriverContextCustomizerFactory$Customizer@43bf595, org.springframework.boot.test.context.filter.ExcludeFilterContextCustomizer@640cda96, org.springframework.boot.test.json.DuplicateJsonObjectContextCustomizerFactory$DuplicateJsonObjectContextCustomizer@27df50d3, org.springframework.boot.test.mock.mockito.MockitoContextCustomizer@0, org.springframework.boot.test.web.client.TestRestTemplateContextCustomizer@758df60, org.springframework.boot.test.context.SpringBootTestArgs@1], resourceBasePath = 'src/main/webapp', contextLoader = 'org.springframework.boot.test.context.SpringBootContextLoader', parent = [null]], attributes = map['org.springframework.test.context.web.ServletTestExecutionListener.activateListener' -> true]], class annotated with @DirtiesContext [false] with mode [null].
18:07:48.781 [Test worker] DEBUG org.springframework.test.context.support.TestPropertySourceUtils - Adding inlined properties to environment: {spring.jmx.enabled=false, org.springframework.boot.test.context.SpringBootTestContextBootstrapper=true}

  .   ____          _            __ _ _
 /\\ / ___'_ __ _ _(_)_ __  __ _ \ \ \ \
( ( )\___ | '_ | '_| | '_ \/ _` | \ \ \ \
 \\/  ___)| |_)| | | | | || (_| |  ) ) ) )
  '  |____| .__|_| |_|_| |_\__, | / / / /
 =========|_|==============|___/=/_/_/_/
 :: Spring Boot ::        (v2.3.4.RELEASE)

2020-10-12 18:07:49.025  INFO 1941 --- [    Test worker] c.m.M.MagicPotionApiApplicationTests     : Starting MagicPotionApiApplicationTests on NA-300123 with PID 1941 (started by dshittu in /Users/dshittu/Downloads/MagicPotionApi/MagicPotionApi)
2020-10-12 18:07:49.026  INFO 1941 --- [    Test worker] c.m.M.MagicPotionApiApplicationTests     : The following profiles are active: events,dev,local
2020-10-12 18:07:49.496  INFO 1941 --- [    Test worker] .s.d.r.c.RepositoryConfigurationDelegate : Bootstrapping Spring Data MongoDB repositories in DEFAULT mode.
2020-10-12 18:07:49.543  INFO 1941 --- [    Test worker] .s.d.r.c.RepositoryConfigurationDelegate : Finished Spring Data repository scanning in 42ms. Found 1 MongoDB repository interfaces.
2020-10-12 18:07:49.810  INFO 1941 --- [    Test worker] org.mongodb.driver.cluster               : Cluster created with settings {hosts=[localhost:27017], mode=SINGLE, requiredClusterType=UNKNOWN, serverSelectionTimeout='30000 ms'}
2020-10-12 18:07:49.880  INFO 1941 --- [localhost:27017] org.mongodb.driver.connection            : Opened connection [connectionId{localValue:1, serverValue:11}] to localhost:27017
2020-10-12 18:07:49.884  INFO 1941 --- [localhost:27017] org.mongodb.driver.cluster               : Monitor thread successfully connected to server with description ServerDescription{address=localhost:27017, type=STANDALONE, state=CONNECTED, ok=true, minWireVersion=0, maxWireVersion=8, maxDocumentSize=16777216, logicalSessionTimeoutMinutes=30, roundTripTimeNanos=2267520}
2020-10-12 18:07:50.410  INFO 1941 --- [    Test worker] o.s.s.concurrent.ThreadPoolTaskExecutor  : Initializing ExecutorService 'applicationTaskExecutor'
2020-10-12 18:07:50.630  INFO 1941 --- [    Test worker] c.m.M.MagicPotionApiApplicationTests     : Started MagicPotionApiApplicationTests in 1.841 seconds (JVM running for 2.672)
]]></system-out>
  <system-err><![CDATA[]]></system-err>
</testsuite>
